


MINPLACER FLOW STARTS Tue Apr 21 16:56:10 2026
PARRAY=32x32
TILE_SIZE=1,1
MODULE_NAME=cnc_sequencer
GRANDITER=-1
FLOW_STRING=eflxexp1500
COMMIT_NLEDIT_IMMEDIATELY=1
USE_NMAX=0
USE_FINDER=1
USE_RTABLE=0
LATENCY_AWARE=1
HAS_PPP=0
FAIL_AS_CRASH=0
RUNTIME_LIMITED=0
MAX_CPU=4 (16 16 4)
REPORT_HOLD=1
IGNORE_REGION=0
IGNORE_REGION_AFTER_WL=0
VERIFY=0
[                                                  ][    2] Running placer flow EXP (version=1500).
[                                                  ][    2] Start 4 jobs with MAX_CPU=4, POOLSIZE=4 and requested_winning_jobs=1.
[                                                  ][    2] Running placer flow WLTD (666).
[              minplacer\00001_pa01_00001_character][    2] Step character
[              minplacer\00001_pa01_00001_character][    2] Step MinPlacerChar minplacer_skip_dont_place=0 do_shortfd=0 do_shortfd_aggressive=0 do_precomb=0 do_precomb_aggressive=0 do_chain_to_tree=0 do_used_rbb_vacan=0 do_rep=1 do_reloc=0 do_repack=0 do_swabsorb=0 do_rplan=1
[              minplacer\00001_pa01_00001_character][    2] RbbUsage=3 PrePlaceTiming=12533.
[                  minplacer\00001_pa01_00002_setup][    2] Step setup
[                  minplacer\00001_pa01_00002_setup][    4] Step setup ends.
[                     minplacer\00001_pa01_00003_wl][    4] Step wl
[                     minplacer\00001_pa01_00003_wl][    8] Step wl returns 3. (timing=2147483647 cg=0)
[                                                  ][    8] Running placer flow WLTD ends with FALSE.
[                                                  ][    8] Placer job(1) didn't complete.
[                                                  ][    2] Running placer flow WLTD (666).
[              minplacer\00003_pa03_00001_character][    2] Step character
[              minplacer\00003_pa03_00001_character][    2] Step MinPlacerChar minplacer_skip_dont_place=0 do_shortfd=0 do_shortfd_aggressive=0 do_precomb=0 do_precomb_aggressive=0 do_chain_to_tree=0 do_used_rbb_vacan=0 do_rep=1 do_reloc=0 do_repack=0 do_swabsorb=0 do_rplan=1
[              minplacer\00003_pa03_00001_character][    2] RbbUsage=3 PrePlaceTiming=12533.
[                  minplacer\00003_pa03_00002_setup][    2] Step setup
[                  minplacer\00003_pa03_00002_setup][    5] Step setup ends.
[                     minplacer\00003_pa03_00003_wl][    5] Step wl
[                     minplacer\00003_pa03_00003_wl][    8] Step wl returns 3. (timing=2147483647 cg=0)
[                                                  ][    8] Running placer flow WLTD ends with FALSE.
[                                                  ][    8] Placer job(3) didn't complete.
[                                                  ][    2] Running placer flow WLTD (666).
[              minplacer\00002_pa02_00001_character][    2] Step character
[              minplacer\00002_pa02_00001_character][    2] Step MinPlacerChar minplacer_skip_dont_place=0 do_shortfd=0 do_shortfd_aggressive=0 do_precomb=0 do_precomb_aggressive=0 do_chain_to_tree=0 do_used_rbb_vacan=0 do_rep=1 do_reloc=0 do_repack=0 do_swabsorb=0 do_rplan=1
[              minplacer\00002_pa02_00001_character][    2] RbbUsage=3 PrePlaceTiming=12533.
[                  minplacer\00002_pa02_00002_setup][    2] Step setup
[                  minplacer\00002_pa02_00002_setup][    7] Step setup ends.
[                     minplacer\00002_pa02_00003_wl][    7] Step wl
[                     minplacer\00002_pa02_00003_wl][   17] Step wl returns 0. (timing=2659 cg=0)
[                     minplacer\00002_pa02_00003_wl][   17] Updating timing 2659 vs 2147483647.
[                 minplacer\00002_pa02_00004_repopt][   17] Step repopt
[                 minplacer\00002_pa02_00004_repopt][   27] Step repopt returns 0. (timing=2659 cg=0)
[                 minplacer\00002_pa02_00004_repopt][   27] Step has no netlist change.
[                   minplacer\00002_pa02_00005_post][   27] Step post
[                   minplacer\00002_pa02_00005_post][   38] Step post returns 0. (timing=3400R cg=0)
[                   minplacer\00002_pa02_00005_post][   38] Updating timing 3400R vs 2659.
[                  minplacer\00002_pa02_00006_rplan][   38] Step rplan
[                  minplacer\00002_pa02_00006_rplan][   48] Step rplan returns 0. (timing=3400R cg=50)
[                  minplacer\00002_pa02_00006_rplan][   48] Updating timing 3400R vs 3400R.
[                                                  ][   48] Running placer flow WLTD ends with TRUE.
[                  minplacer\00002_pa02_00006_rplan][   48] Placer job(2) finished okay with timing=3400.
[                                                  ][    2] Running placer flow WLTD (0).
[              minplacer\00000_pa00_00001_character][    2] Step character
[              minplacer\00000_pa00_00001_character][    2] Step MinPlacerChar minplacer_skip_dont_place=0 do_shortfd=0 do_shortfd_aggressive=0 do_precomb=0 do_precomb_aggressive=0 do_chain_to_tree=0 do_used_rbb_vacan=0 do_rep=1 do_reloc=0 do_repack=0 do_swabsorb=0 do_rplan=1
[              minplacer\00000_pa00_00001_character][    2] RbbUsage=3 PrePlaceTiming=12533.
[                  minplacer\00000_pa00_00002_setup][    2] Step setup
[                  minplacer\00000_pa00_00002_setup][    6] Step setup ends.
[                     minplacer\00000_pa00_00003_wl][    6] Step wl
[                     minplacer\00000_pa00_00003_wl][   17] Step wl returns 0. (timing=2659 cg=0)
[                     minplacer\00000_pa00_00003_wl][   17] Updating timing 2659 vs 2147483647.
[                 minplacer\00000_pa00_00004_repopt][   17] Step repopt
[                 minplacer\00000_pa00_00004_repopt][   27] Step repopt returns 0. (timing=2659 cg=0)
[                 minplacer\00000_pa00_00004_repopt][   27] Step has no netlist change.
[                   minplacer\00000_pa00_00005_post][   27] Step post
[                   minplacer\00000_pa00_00005_post][   38] Step post returns 0. (timing=3400R cg=0)
[                   minplacer\00000_pa00_00005_post][   38] Updating timing 3400R vs 2659.
[                  minplacer\00000_pa00_00006_rplan][   38] Step rplan
[                  minplacer\00000_pa00_00006_rplan][   48] Step rplan returns 0. (timing=3400R cg=50)
[                  minplacer\00000_pa00_00006_rplan][   48] Updating timing 3400R vs 3400R.
[                                                  ][   48] Running placer flow WLTD ends with TRUE.
[                  minplacer\00000_pa00_00006_rplan][   48] Placer job(0) finished okay with timing=3400.
[                                                  ][   48] End 4 jobs with 1 being accepted: [0,expjob_0]=minplacer\00000_pa00_00006_rplan
[                                                  ][   48] End 4 jobs with 1 being abandoned: [2,expjob_2]=minplacer\00002_pa02_00006_rplan
[                                                  ][   48] Running placer flow EXP receives (0).
[                  minplacer\00000_pa00_00006_rplan][   48] Updating timing 3400R vs 2147483647.
[                                                  ][   48] Running placer flow EXP ends with [minplacer\00000_pa00_00006_rplan] timing=3400.
[                  minplacer\00000_pa00_00006_rplan][   48] Step readback plc starts.
[                  minplacer\00000_pa00_00006_rplan][   48] Step readback plc ended.
MINPLACER FLOW QORSTAT REP=0 BUF=0 PPP=0 COMB=0 SHORTFD=0 RELOC=0 SWABSORB=0 PREABSORB=0
MINPLACER FLOW ENDS RET=PASS Tue Apr 21 16:56:57 2026
