#COLLECTE 2 WINNING_JOBS
##PARALLEL JOB[1] (3,expjob_3) timing=3431 dir=minplacer\00003_pa03_00006_rplan
##PARALLEL JOB[0] (2,expjob_2) timing=3431 dir=minplacer\00002_pa02_00006_rplan
PrePlaceDly=11867
#PLC_RUNDIR=minplacer\00002_pa02_00003_wl timing=2804 cg=0
PlaceDly=2804
TWL=4530
PEAKMEM=1304MB
#PLC_RUNDIR=minplacer\00002_pa02_00004_repopt timing=2804 cg=0
PlaceDly=2804
TWL=4530
PEAKMEM=1337MB
#PLC_RUNDIR=minplacer\00002_pa02_00005_post timing=3431 cg=0
PostIter=1
PlaceDly=3431
TWL=4530
PEAKMEM=1415MB
TotPostIter=1
#PLC_RUNDIR=minplacer\00002_pa02_00006_rplan timing=3431 cg=50
FinderPnRatio=50
FinderPnIter=0
PlaceDly=3431
PEAKMEM=1374MB
ParWin                              =expjob_2
