#! /c/Source/iverilog-install/bin/vvp
:ivl_version "12.0 (devel)" "(s20150603-1539-g2693dd32b)";
:ivl_delay_selection "TYPICAL";
:vpi_time_precision - 12;
:vpi_module "C:\Users\HP\scoop\apps\iverilog\current\lib\ivl\system.vpi";
:vpi_module "C:\Users\HP\scoop\apps\iverilog\current\lib\ivl\vhdl_sys.vpi";
:vpi_module "C:\Users\HP\scoop\apps\iverilog\current\lib\ivl\vhdl_textio.vpi";
:vpi_module "C:\Users\HP\scoop\apps\iverilog\current\lib\ivl\v2005_math.vpi";
:vpi_module "C:\Users\HP\scoop\apps\iverilog\current\lib\ivl\va_math.vpi";
S_000002a975c5ba70 .scope module, "cnc_sequencer_tb" "cnc_sequencer_tb" 2 3;
 .timescale -9 -12;
v000002a975cb2ba0_0 .var "clk", 0 0;
L_000002a975cb5038 .functor BUFT 1, C4<1>, C4<0>, C4<0>, C4<0>;
v000002a975cb21a0_0 .net "led_en", 0 0, L_000002a975cb5038;  1 drivers
L_000002a975cb5080 .functor BUFT 1, C4<1>, C4<0>, C4<0>, C4<0>;
v000002a975cb26a0_0 .net "motor_en", 0 0, L_000002a975cb5080;  1 drivers
v000002a975cb2f60_0 .var "rst", 0 0;
L_000002a975cb50c8 .functor BUFT 1, C4<1>, C4<0>, C4<0>, C4<0>;
v000002a975cb2d80_0 .net "status_led", 0 0, L_000002a975cb50c8;  1 drivers
v000002a975cb27e0_0 .var "x_dir", 0 0;
v000002a975cb2880_0 .net "x_motor", 3 0, L_000002a975cb3b10;  1 drivers
v000002a975cb2ec0_0 .var "x_step", 0 0;
v000002a975cb2920_0 .var "y_dir", 0 0;
v000002a975cb2e20_0 .net "y_motor", 3 0, L_000002a975cb4e70;  1 drivers
v000002a975cb2100_0 .var "y_step", 0 0;
v000002a975cb48d0_0 .var "z_dir", 0 0;
v000002a975cb4650_0 .net "z_motor", 3 0, L_000002a975cb37f0;  1 drivers
v000002a975cb4150_0 .var "z_step", 0 0;
S_000002a975c5bc00 .scope module, "uut" "cnc_sequencer" 2 16, 3 1 0, S_000002a975c5ba70;
 .timescale 0 0;
    .port_info 0 /INPUT 1 "i_clk";
    .port_info 1 /INPUT 1 "i_rst";
    .port_info 2 /INPUT 1 "i_x_step";
    .port_info 3 /INPUT 1 "i_x_dir";
    .port_info 4 /INPUT 1 "i_y_step";
    .port_info 5 /INPUT 1 "i_y_dir";
    .port_info 6 /INPUT 1 "i_z_step";
    .port_info 7 /INPUT 1 "i_z_dir";
    .port_info 8 /OUTPUT 4 "o_x_motor";
    .port_info 9 /OUTPUT 4 "o_y_motor";
    .port_info 10 /OUTPUT 4 "o_z_motor";
    .port_info 11 /OUTPUT 1 "o_status_led";
    .port_info 12 /OUTPUT 1 "o_led_en";
    .port_info 13 /OUTPUT 1 "o_motor_en";
v000002a975c22eb0_0 .net "i_clk", 0 0, v000002a975cb2ba0_0;  1 drivers
v000002a975c22f50_0 .net "i_rst", 0 0, v000002a975cb2f60_0;  1 drivers
v000002a975c22ff0_0 .net "i_x_dir", 0 0, v000002a975cb27e0_0;  1 drivers
v000002a975c23090_0 .net "i_x_step", 0 0, v000002a975cb2ec0_0;  1 drivers
v000002a975c23130_0 .net "i_y_dir", 0 0, v000002a975cb2920_0;  1 drivers
v000002a975c53920_0 .net "i_y_step", 0 0, v000002a975cb2100_0;  1 drivers
v000002a975cb2560_0 .net "i_z_dir", 0 0, v000002a975cb48d0_0;  1 drivers
v000002a975cb2a60_0 .net "i_z_step", 0 0, v000002a975cb4150_0;  1 drivers
v000002a975cb2240_0 .net "o_led_en", 0 0, L_000002a975cb5038;  alias, 1 drivers
v000002a975cb22e0_0 .net "o_motor_en", 0 0, L_000002a975cb5080;  alias, 1 drivers
v000002a975cb24c0_0 .net "o_status_led", 0 0, L_000002a975cb50c8;  alias, 1 drivers
v000002a975cb2b00_0 .net "o_x_motor", 3 0, L_000002a975cb3b10;  alias, 1 drivers
v000002a975cb2ce0_0 .net "o_y_motor", 3 0, L_000002a975cb4e70;  alias, 1 drivers
v000002a975cb2600_0 .net "o_z_motor", 3 0, L_000002a975cb37f0;  alias, 1 drivers
v000002a975cb2060_0 .var "x_phase", 1 0;
v000002a975cb2420_0 .var "x_step_prev", 0 0;
v000002a975cb2c40_0 .var "y_phase", 1 0;
v000002a975cb2380_0 .var "y_step_prev", 0 0;
v000002a975cb29c0_0 .var "z_phase", 1 0;
v000002a975cb2740_0 .var "z_step_prev", 0 0;
E_000002a975c4b020 .event posedge, v000002a975c22eb0_0;
L_000002a975cb3b10 .ufunc/vec4 TD_cnc_sequencer_tb.uut.step_pattern, 4, v000002a975cb2060_0 (v000002a975c4ba00_0) S_000002a975c22d20;
L_000002a975cb4e70 .ufunc/vec4 TD_cnc_sequencer_tb.uut.step_pattern, 4, v000002a975cb2c40_0 (v000002a975c4ba00_0) S_000002a975c22d20;
L_000002a975cb37f0 .ufunc/vec4 TD_cnc_sequencer_tb.uut.step_pattern, 4, v000002a975cb29c0_0 (v000002a975c4ba00_0) S_000002a975c22d20;
S_000002a975c22d20 .scope function.vec4.s4, "step_pattern" "step_pattern" 3 29, 3 29 0, S_000002a975c5bc00;
 .timescale 0 0;
v000002a975c4ba00_0 .var "phase", 1 0;
; Variable step_pattern is vec4 return value of scope S_000002a975c22d20
TD_cnc_sequencer_tb.uut.step_pattern ;
    %load/vec4 v000002a975c4ba00_0;
    %dup/vec4;
    %pushi/vec4 0, 0, 2;
    %cmp/u;
    %jmp/1 T_0.0, 6;
    %dup/vec4;
    %pushi/vec4 1, 0, 2;
    %cmp/u;
    %jmp/1 T_0.1, 6;
    %dup/vec4;
    %pushi/vec4 2, 0, 2;
    %cmp/u;
    %jmp/1 T_0.2, 6;
    %dup/vec4;
    %pushi/vec4 3, 0, 2;
    %cmp/u;
    %jmp/1 T_0.3, 6;
    %jmp T_0.4;
T_0.0 ;
    %pushi/vec4 8, 0, 4;
    %ret/vec4 0, 0, 4;  Assign to step_pattern (store_vec4_to_lval)
    %jmp T_0.4;
T_0.1 ;
    %pushi/vec4 4, 0, 4;
    %ret/vec4 0, 0, 4;  Assign to step_pattern (store_vec4_to_lval)
    %jmp T_0.4;
T_0.2 ;
    %pushi/vec4 2, 0, 4;
    %ret/vec4 0, 0, 4;  Assign to step_pattern (store_vec4_to_lval)
    %jmp T_0.4;
T_0.3 ;
    %pushi/vec4 1, 0, 4;
    %ret/vec4 0, 0, 4;  Assign to step_pattern (store_vec4_to_lval)
    %jmp T_0.4;
T_0.4 ;
    %pop/vec4 1;
    %end;
    .scope S_000002a975c5bc00;
T_1 ;
    %wait E_000002a975c4b020;
    %load/vec4 v000002a975c22f50_0;
    %flag_set/vec4 8;
    %jmp/0xz  T_1.0, 8;
    %pushi/vec4 0, 0, 2;
    %assign/vec4 v000002a975cb2060_0, 0;
    %pushi/vec4 0, 0, 2;
    %assign/vec4 v000002a975cb2c40_0, 0;
    %pushi/vec4 0, 0, 2;
    %assign/vec4 v000002a975cb29c0_0, 0;
    %pushi/vec4 0, 0, 1;
    %assign/vec4 v000002a975cb2420_0, 0;
    %pushi/vec4 0, 0, 1;
    %assign/vec4 v000002a975cb2380_0, 0;
    %pushi/vec4 0, 0, 1;
    %assign/vec4 v000002a975cb2740_0, 0;
    %jmp T_1.1;
T_1.0 ;
    %load/vec4 v000002a975c23090_0;
    %assign/vec4 v000002a975cb2420_0, 0;
    %load/vec4 v000002a975c23090_0;
    %flag_set/vec4 9;
    %flag_get/vec4 9;
    %jmp/0 T_1.4, 9;
    %load/vec4 v000002a975cb2420_0;
    %nor/r;
    %and;
T_1.4;
    %flag_set/vec4 8;
    %jmp/0xz  T_1.2, 8;
    %load/vec4 v000002a975c22ff0_0;
    %flag_set/vec4 8;
    %jmp/0 T_1.5, 8;
    %load/vec4 v000002a975cb2060_0;
    %subi 1, 0, 2;
    %jmp/1 T_1.6, 8;
T_1.5 ; End of true expr.
    %load/vec4 v000002a975cb2060_0;
    %addi 1, 0, 2;
    %jmp/0 T_1.6, 8;
 ; End of false expr.
    %blend;
T_1.6;
    %assign/vec4 v000002a975cb2060_0, 0;
T_1.2 ;
    %load/vec4 v000002a975c53920_0;
    %assign/vec4 v000002a975cb2380_0, 0;
    %load/vec4 v000002a975c53920_0;
    %flag_set/vec4 9;
    %flag_get/vec4 9;
    %jmp/0 T_1.9, 9;
    %load/vec4 v000002a975cb2380_0;
    %nor/r;
    %and;
T_1.9;
    %flag_set/vec4 8;
    %jmp/0xz  T_1.7, 8;
    %load/vec4 v000002a975c23130_0;
    %flag_set/vec4 8;
    %jmp/0 T_1.10, 8;
    %load/vec4 v000002a975cb2c40_0;
    %subi 1, 0, 2;
    %jmp/1 T_1.11, 8;
T_1.10 ; End of true expr.
    %load/vec4 v000002a975cb2c40_0;
    %addi 1, 0, 2;
    %jmp/0 T_1.11, 8;
 ; End of false expr.
    %blend;
T_1.11;
    %assign/vec4 v000002a975cb2c40_0, 0;
T_1.7 ;
    %load/vec4 v000002a975cb2a60_0;
    %assign/vec4 v000002a975cb2740_0, 0;
    %load/vec4 v000002a975cb2a60_0;
    %flag_set/vec4 9;
    %flag_get/vec4 9;
    %jmp/0 T_1.14, 9;
    %load/vec4 v000002a975cb2740_0;
    %nor/r;
    %and;
T_1.14;
    %flag_set/vec4 8;
    %jmp/0xz  T_1.12, 8;
    %load/vec4 v000002a975cb2560_0;
    %flag_set/vec4 8;
    %jmp/0 T_1.15, 8;
    %load/vec4 v000002a975cb29c0_0;
    %subi 1, 0, 2;
    %jmp/1 T_1.16, 8;
T_1.15 ; End of true expr.
    %load/vec4 v000002a975cb29c0_0;
    %addi 1, 0, 2;
    %jmp/0 T_1.16, 8;
 ; End of false expr.
    %blend;
T_1.16;
    %assign/vec4 v000002a975cb29c0_0, 0;
T_1.12 ;
T_1.1 ;
    %jmp T_1;
    .thread T_1;
    .scope S_000002a975c5ba70;
T_2 ;
    %delay 20000, 0;
    %load/vec4 v000002a975cb2ba0_0;
    %pushi/vec4 0, 0, 1;
    %cmp/e;
    %flag_get/vec4 6;
    %store/vec4 v000002a975cb2ba0_0, 0, 1;
    %jmp T_2;
    .thread T_2;
    .scope S_000002a975c5ba70;
T_3 ;
    %vpi_call 2 32 "$dumpfile", "cnc_sequencer_tb.vcd" {0 0 0};
    %vpi_call 2 33 "$dumpvars", 32'sb00000000000000000000000000000000, S_000002a975c5ba70 {0 0 0};
    %pushi/vec4 0, 0, 1;
    %store/vec4 v000002a975cb2ba0_0, 0, 1;
    %pushi/vec4 1, 0, 1;
    %store/vec4 v000002a975cb2f60_0, 0, 1;
    %pushi/vec4 0, 0, 1;
    %store/vec4 v000002a975cb2ec0_0, 0, 1;
    %pushi/vec4 0, 0, 1;
    %store/vec4 v000002a975cb27e0_0, 0, 1;
    %pushi/vec4 0, 0, 1;
    %store/vec4 v000002a975cb2100_0, 0, 1;
    %pushi/vec4 0, 0, 1;
    %store/vec4 v000002a975cb2920_0, 0, 1;
    %pushi/vec4 0, 0, 1;
    %store/vec4 v000002a975cb4150_0, 0, 1;
    %pushi/vec4 0, 0, 1;
    %store/vec4 v000002a975cb48d0_0, 0, 1;
    %delay 100000, 0;
    %pushi/vec4 0, 0, 1;
    %store/vec4 v000002a975cb2f60_0, 0, 1;
    %delay 40000, 0;
    %pushi/vec4 4, 0, 32;
T_3.0 %dup/vec4;
    %pushi/vec4 0, 0, 32;
    %cmp/s;
    %jmp/1xz T_3.1, 5;
    %jmp/1 T_3.1, 4;
    %pushi/vec4 1, 0, 32;
    %sub;
    %delay 200000, 0;
    %pushi/vec4 1, 0, 1;
    %store/vec4 v000002a975cb2ec0_0, 0, 1;
    %delay 200000, 0;
    %pushi/vec4 0, 0, 1;
    %store/vec4 v000002a975cb2ec0_0, 0, 1;
    %jmp T_3.0;
T_3.1 ;
    %pop/vec4 1;
    %pushi/vec4 1, 0, 1;
    %store/vec4 v000002a975cb27e0_0, 0, 1;
    %delay 200000, 0;
    %pushi/vec4 2, 0, 32;
T_3.2 %dup/vec4;
    %pushi/vec4 0, 0, 32;
    %cmp/s;
    %jmp/1xz T_3.3, 5;
    %jmp/1 T_3.3, 4;
    %pushi/vec4 1, 0, 32;
    %sub;
    %delay 200000, 0;
    %pushi/vec4 1, 0, 1;
    %store/vec4 v000002a975cb2ec0_0, 0, 1;
    %delay 200000, 0;
    %pushi/vec4 0, 0, 1;
    %store/vec4 v000002a975cb2ec0_0, 0, 1;
    %jmp T_3.2;
T_3.3 ;
    %pop/vec4 1;
    %delay 1000000, 0;
    %vpi_call 2 61 "$display", "Simulation Finished" {0 0 0};
    %vpi_call 2 62 "$finish" {0 0 0};
    %end;
    .thread T_3;
# The file index is used to find the file name in the following table.
:file_names 4;
    "N/A";
    "<interactive>";
    "C:/Users/HP/OneDrive/Desktop/TEST_PROJ_6/Major/ffpga/sim/cnc_sequencer_tb.vt";
    "C:/Users/HP/OneDrive/Desktop/TEST_PROJ_6/Major/ffpga/src/cnc_sequencer.v";
