Timing Summary
==============

   PLACER-ESTIMATED-TIMING TSMC 40nm ULP tt1p1v25c_Typical

          Group  No. Clocks  No. Clock Pairs  WNS(ps)  TNS(ps)  TNS Endpoints  WHS(ps)  THS(ps)  THS Endpoints
    -----------  ----------  ---------------  -------  -------  -------------  -------  -------  -------------
   <UDEF_i_clk>           1                1    -1401   -20809             18     2022        0              0




Clocks
======

            Clock    Clock net         Group  Constrained Period(ps)      Waveform(ps)   Achievable Period(ps)  Achievable Frequency(MHz)
   --------------  -----------   -----------  ----------------------  -----------------  ---------------------  -------------------------
            i_clk        i_clk  <UDEF_i_clk>           (auto) 2000            (0,1000)                   3400                    294.118 




Clock Relationships
===================

       From Clock        To Clock               Group    Endpoints     WNS(ps)    TNS(ps)  TNS Endpoints     WHS(ps)    THS(ps)  THS Endpoints
   --------------  --------------  ------------------  -----------  ----------  ---------  -------------  ----------  ---------  -------------
            i_clk           i_clk        <UDEF_i_clk>           18       -1401     -20809             18        2022          0              0




Timing Details for Clock Pair i_clk and i_clk
=============================================

       From Clock        To Clock               Group    Endpoints     WNS(ps)    TNS(ps)  TNS Endpoints     WHS(ps)    THS(ps)  THS Endpoints
   --------------  --------------  ------------------  -----------  ----------  ---------  -------------  ----------  ---------  -------------
            i_clk           i_clk        <UDEF_i_clk>           18       -1401     -20809             18        2022          0              0

Path 1:
   Slack (not met):                         -1401ps
     Path type:                               SETUP
     Group:                            <UDEF_i_clk>
     Launching clock:                         i_clk (rising edge)
     Capturing clock:                         i_clk (rising edge)

     Requested period:                       2000ps
   + Delay of the capturing clock:            951ps
   - Clock uncertainty:                       150ps
   = Required time:                          2801ps
   - Propagation time:                       3250ps (73.2% logic, 26.8% route, logic stage 1)
   - Delay of the launching clock:            952ps
   = Slack:                                 -1401ps

   Instance/Pin or Net Name   Type         ID     Location or Fanout   Delay(ps)  Edge  Arrival Time(ps)    Instance detail                                                                                                       
   ---------------------------------------------------------------------------------------------------------------------------------------------------------------------------------------------------------------------------------
   i_clk                      CLOCK-PORT    -                      -     launch     r               0                                                                                                                             
   i_clk                      Clock net    20           (fanout=150)        952                     -                                                                                                                             
   RBB_18/CLK                 RBB_6L       18  [TILE 0 0, RBB 25 10]          -     r             952                                                                                                                             
   ---------------------------------------------------------------------------------------------------------------------------------------------------------------------------------------------------------------------------------
   RBB_18/AMUX                RBB_6L       18  [TILE 0 0, RBB 25 10]       1463     r            2415     {inst48: $auto$ff.cc:266:slice$1912 (FDR,site=affo)}                                                                    
   z_step_sync[1]             Net          13             (fanout=1)        870                     -                                                                                                                             
   RBB_19/B2                  RBB_6L       19  [TILE 0 0, RBB 25 12]          -     r            3285     {inst60: $auto$xilinx_dffopt.cc:338:execute$2612 (LUT,site=bluto)} {inst54: $auto$ff.cc:266:slice$1918 (FDR,site=bffo)} 
   ---------------------------------------------------------------------------------------------------------------------------------------------------------------------------------------------------------------------------------
   RBB_19/CLK                 RBB_6L       19  [TILE 0 0, RBB 25 12]        917     r            4202                                                                                                                             
   i_clk                      Clock net    20           (fanout=150)       -951                     -                                                                                                                             
   i_clk                      CLOCK-PORT    -                      -    capture     r            3251                                                                                                                             
   ---------------------------------------------------------------------------------------------------------------------------------------------------------------------------------------------------------------------------------


Path 0:
   Slack (not met):                         -1376ps
     Path type:                               SETUP
     Group:                            <UDEF_i_clk>
     Launching clock:                         i_clk (rising edge)
     Capturing clock:                         i_clk (rising edge)

     Requested period:                       2000ps
   + Delay of the capturing clock:            951ps
   - Clock uncertainty:                       150ps
   = Required time:                          2801ps
   - Propagation time:                       3225ps (73.9% logic, 26.1% route, logic stage 1)
   - Delay of the launching clock:            952ps
   = Slack:                                 -1376ps

   Instance/Pin or Net Name   Type         ID     Location or Fanout   Delay(ps)  Edge  Arrival Time(ps)    Instance detail                                                                                                       
   ---------------------------------------------------------------------------------------------------------------------------------------------------------------------------------------------------------------------------------
   i_clk                      CLOCK-PORT    -                      -     launch     r               0                                                                                                                             
   i_clk                      Clock net    20           (fanout=150)        952                     -                                                                                                                             
   RBB_18/CLK                 RBB_6L       18  [TILE 0 0, RBB 25 10]          -     r             952                                                                                                                             
   ---------------------------------------------------------------------------------------------------------------------------------------------------------------------------------------------------------------------------------
   RBB_18/DMUX                RBB_6L       18  [TILE 0 0, RBB 25 10]       1466     r            2418     {inst38: $auto$ff.cc:266:slice$1902 (FDR,site=dffo)}                                                                    
   z_dir_sync[1]              Net          12             (fanout=1)        842                     -                                                                                                                             
   RBB_19/B3                  RBB_6L       19  [TILE 0 0, RBB 25 12]          -     r            3260     {inst60: $auto$xilinx_dffopt.cc:338:execute$2612 (LUT,site=bluto)} {inst54: $auto$ff.cc:266:slice$1918 (FDR,site=bffo)} 
   ---------------------------------------------------------------------------------------------------------------------------------------------------------------------------------------------------------------------------------
   RBB_19/CLK                 RBB_6L       19  [TILE 0 0, RBB 25 12]        917     r            4177                                                                                                                             
   i_clk                      Clock net    20           (fanout=150)       -951                     -                                                                                                                             
   i_clk                      CLOCK-PORT    -                      -    capture     r            3226                                                                                                                             
   ---------------------------------------------------------------------------------------------------------------------------------------------------------------------------------------------------------------------------------


Path 3:
   Slack (not met):                         -1328ps
     Path type:                               SETUP
     Group:                            <UDEF_i_clk>
     Launching clock:                         i_clk (rising edge)
     Capturing clock:                         i_clk (rising edge)

     Requested period:                       2000ps
   + Delay of the capturing clock:            951ps
   - Clock uncertainty:                       150ps
   = Required time:                          2801ps
   - Propagation time:                       3177ps (54.4% logic, 45.6% route, logic stage 1)
   - Delay of the launching clock:            952ps
   = Slack:                                 -1328ps

   Instance/Pin or Net Name   Type         ID     Location or Fanout   Delay(ps)  Edge  Arrival Time(ps)    Instance detail                                                                                                     
   -------------------------------------------------------------------------------------------------------------------------------------------------------------------------------------------------------------------------------
   i_clk                      CLOCK-PORT    -                      -     launch     r               0                                                                                                                           
   i_clk                      Clock net    20           (fanout=150)        952                     -                                                                                                                           
   RBB_18/CLK                 RBB_6L       18  [TILE 0 0, RBB 25 10]          -     r             952                                                                                                                           
   -------------------------------------------------------------------------------------------------------------------------------------------------------------------------------------------------------------------------------
   RBB_18/DQ                  RBB_6L       18  [TILE 0 0, RBB 25 10]        800     r            1752     {inst49: $auto$ff.cc:266:slice$1913 (FDR,site=dff)}                                                                   
   x_phase[0]                 Net           4             (fanout=5)       1448                     -                                                                                                                           
   RBB_19/D5                  RBB_6L       19  [TILE 0 0, RBB 25 12]          -     r            3200     {inst58: $auto$xilinx_dffopt.cc:338:execute$2604 (LUT,site=dlut)} {inst50: $auto$ff.cc:266:slice$1914 (FDR,site=dff)} 
   -------------------------------------------------------------------------------------------------------------------------------------------------------------------------------------------------------------------------------
   RBB_19/CLK                 RBB_6L       19  [TILE 0 0, RBB 25 12]        929     r            4129                                                                                                                           
   i_clk                      Clock net    20           (fanout=150)       -951                     -                                                                                                                           
   i_clk                      CLOCK-PORT    -                      -    capture     r            3178                                                                                                                           
   -------------------------------------------------------------------------------------------------------------------------------------------------------------------------------------------------------------------------------


Path 4:
   Slack (met):                              2022ps
     Path type:                                HOLD
     Group:                            <UDEF_i_clk>
     Launching clock:                         i_clk (rising edge)
     Capturing clock:                         i_clk (rising edge)

   + Delay of the launching clock:            931ps
   + Propagation time:                       2193ps (79.3% logic, 20.7% route, logic stage 1)
   - Delay of the capturing clock:            952ps
   - Clock uncertainty:                       150ps
   - Requested period:                          0ps
   = Slack:                                  2022ps

   Instance/Pin or Net Name   Type         ID     Location or Fanout   Delay(ps)  Edge  Arrival Time(ps)    Instance detail                                                                                                     
   -------------------------------------------------------------------------------------------------------------------------------------------------------------------------------------------------------------------------------
   i_clk                      CLOCK-PORT    -                      -     launch     r               0                                                                                                                           
   i_clk                      Clock net    20           (fanout=150)        931                     -                                                                                                                           
   RBB_18/CLK                 RBB_6L       18  [TILE 0 0, RBB 25 10]          -     r             931                                                                                                                           
   -------------------------------------------------------------------------------------------------------------------------------------------------------------------------------------------------------------------------------
   RBB_18/CMUX                RBB_6L       18  [TILE 0 0, RBB 25 10]        800     r            1731     {inst44: $auto$ff.cc:266:slice$1908 (FDR,site=cffo)}                                                                  
   y_step_sync[1]             Net           9             (fanout=2)        453                     -                                                                                                                           
   RBB_18/A2                  RBB_6L       18  [TILE 0 0, RBB 25 10]          -     r            2184     {inst56: $auto$xilinx_dffopt.cc:332:execute$2606 (LUT,site=alut)} {inst51: $auto$ff.cc:266:slice$1915 (FDR,site=aff)} 
   -------------------------------------------------------------------------------------------------------------------------------------------------------------------------------------------------------------------------------
   RBB_18/CLK                 RBB_6L       18  [TILE 0 0, RBB 25 10]        940     r            3124                                                                                                                           
   i_clk                      Clock net    20           (fanout=150)       -952                     -                                                                                                                           
   i_clk                      CLOCK-PORT    -                      -    capture     r            2172                                                                                                                           
   -------------------------------------------------------------------------------------------------------------------------------------------------------------------------------------------------------------------------------


Path 5:
   Slack (met):                              2272ps
     Path type:                                HOLD
     Group:                            <UDEF_i_clk>
     Launching clock:                         i_clk (rising edge)
     Capturing clock:                         i_clk (rising edge)

   + Delay of the launching clock:            931ps
   + Propagation time:                       2468ps (64.7% logic, 35.3% route, logic stage 1)
   - Delay of the capturing clock:            977ps
   - Clock uncertainty:                       150ps
   - Requested period:                          0ps
   = Slack:                                  2272ps

   Instance/Pin or Net Name   Type         ID     Location or Fanout   Delay(ps)  Edge  Arrival Time(ps)    Instance detail                                                                                                     
   -------------------------------------------------------------------------------------------------------------------------------------------------------------------------------------------------------------------------------
   i_clk                      CLOCK-PORT    -                      -     launch     r               0                                                                                                                           
   i_clk                      Clock net    20           (fanout=150)        931                     -                                                                                                                           
   RBB_18/CLK                 RBB_6L       18  [TILE 0 0, RBB 25 10]          -     r             931                                                                                                                           
   -------------------------------------------------------------------------------------------------------------------------------------------------------------------------------------------------------------------------------
   RBB_18/AMUX                RBB_6L       18  [TILE 0 0, RBB 25 10]        800     r            1731     {inst48: $auto$ff.cc:266:slice$1912 (FDR,site=affo)}                                                                  
   z_step_sync[1]             Net          13             (fanout=1)        870                     -                                                                                                                           
   RBB_19/B2                  RBB_6L       19  [TILE 0 0, RBB 25 12]          -     r            2601     {inst57: $auto$xilinx_dffopt.cc:332:execute$2610 (LUT,site=blut)} {inst53: $auto$ff.cc:266:slice$1917 (FDR,site=bff)} 
   -------------------------------------------------------------------------------------------------------------------------------------------------------------------------------------------------------------------------------
   RBB_19/CLK                 RBB_6L       19  [TILE 0 0, RBB 25 12]        798     r            3399                                                                                                                           
   i_clk                      Clock net    20           (fanout=150)       -977                     -                                                                                                                           
   i_clk                      CLOCK-PORT    -                      -    capture     r            2422                                                                                                                           
   -------------------------------------------------------------------------------------------------------------------------------------------------------------------------------------------------------------------------------


Path 6:
   Slack (met):                              2340ps
     Path type:                                HOLD
     Group:                            <UDEF_i_clk>
     Launching clock:                         i_clk (rising edge)
     Capturing clock:                         i_clk (rising edge)

   + Delay of the launching clock:            931ps
   + Propagation time:                       2536ps (66.3% logic, 33.7% route, logic stage 1)
   - Delay of the capturing clock:            977ps
   - Clock uncertainty:                       150ps
   - Requested period:                          0ps
   = Slack:                                  2340ps

   Instance/Pin or Net Name   Type         ID     Location or Fanout   Delay(ps)  Edge  Arrival Time(ps)    Instance detail                                                                                                     
   -------------------------------------------------------------------------------------------------------------------------------------------------------------------------------------------------------------------------------
   i_clk                      CLOCK-PORT    -                      -     launch     r               0                                                                                                                           
   i_clk                      Clock net    20           (fanout=150)        931                     -                                                                                                                           
   RBB_18/CLK                 RBB_6L       18  [TILE 0 0, RBB 25 10]          -     r             931                                                                                                                           
   -------------------------------------------------------------------------------------------------------------------------------------------------------------------------------------------------------------------------------
   RBB_18/BMUX                RBB_6L       18  [TILE 0 0, RBB 25 10]        800     r            1731     {inst46: $auto$ff.cc:266:slice$1910 (FDR,site=bffo)}                                                                  
   y_dir_sync[1]              Net           8             (fanout=1)        855                     -                                                                                                                           
   RBB_19/C4                  RBB_6L       19  [TILE 0 0, RBB 25 12]          -     r            2586     {inst59: $auto$xilinx_dffopt.cc:338:execute$2608 (LUT,site=clut)} {inst52: $auto$ff.cc:266:slice$1916 (FDR,site=cff)} 
   -------------------------------------------------------------------------------------------------------------------------------------------------------------------------------------------------------------------------------
   RBB_19/CLK                 RBB_6L       19  [TILE 0 0, RBB 25 12]        881     r            3467                                                                                                                           
   i_clk                      Clock net    20           (fanout=150)       -977                     -                                                                                                                           
   i_clk                      CLOCK-PORT    -                      -    capture     r            2490                                                                                                                           
   -------------------------------------------------------------------------------------------------------------------------------------------------------------------------------------------------------------------------------













