Timing Summary
==============

   POST-ROUTE

          Group  No. Clocks  No. Clock Pairs  WNS(ps)  TNS(ps)  TNS Endpoints      
    -----------  ----------  ---------------  -------  -------  -------------      
   <UDEF_i_clk>           1                1    -1524   -20237             15      




Clocks
======

            Clock    Clock net         Group  Constrained Period(ps)      Waveform(ps)   Achievable Period(ps)  Achievable Frequency(MHz)
   --------------  -----------   -----------  ----------------------  -----------------  ---------------------  -------------------------
            i_clk        i_clk  <UDEF_i_clk>           (auto) 2000            (0,1000)                   3523                    283.849 




Clock Relationships
===================

       From Clock        To Clock               Group    Endpoints     WNS(ps)    TNS(ps)  TNS Endpoints
   --------------  --------------  ------------------  -----------  ----------  ---------  -------------
            i_clk           i_clk        <UDEF_i_clk>           15       -1524     -20237             15




Timing Details for Clock Pair i_clk and i_clk
=============================================

       From Clock        To Clock               Group    Endpoints     WNS(ps)    TNS(ps)  TNS Endpoints
   --------------  --------------  ------------------  -----------  ----------  ---------  -------------
            i_clk           i_clk        <UDEF_i_clk>           15       -1524     -20237             15

Path 2:
   Slack (not met):                         -1524ps
     Path type:                               SETUP
     Group:                            <UDEF_i_clk>
     Launching clock:                         i_clk (rising edge)
     Capturing clock:                         i_clk (rising edge)

     Requested period:                       2000ps
   + Delay of the capturing clock:           2319ps
   - Clock uncertainty:                       150ps
   = Required time:                          4169ps
   - Propagation time:                       3374ps (83.4% logic, 16.6% route, logic stage 1)
   - Delay of the launching clock:           2319ps
   = Slack:                                 -1524ps

   Instance/Pin or Net Name   Type         ID    Location or Fanout   Delay(ps)  Edge  Arrival Time(ps)    Instance detail                                                                                                       
   --------------------------------------------------------------------------------------------------------------------------------------------------------------------------------------------------------------------------------
   i_clk                      CLOCK-PORT    -                     -     launch     r               0                                                                                                                             
   i_clk                      Clock net    12          (fanout=144)       2319                     -                                                                                                                             
   RBB_18/CLK                 RBB_6L       18  [TILE 0 0, RBB 25 8]          -     r            2319                                                                                                                             
   --------------------------------------------------------------------------------------------------------------------------------------------------------------------------------------------------------------------------------
   RBB_18/DMUX                RBB_6L       18  [TILE 0 0, RBB 25 8]       1410     r            3729     {inst37: $auto$ff.cc:266:slice$1863 (FDR,site=dffo)}                                                                    
   z_step_prev                Net           4            (fanout=1)        560                     -                                                                                                                             
   RBB_18/A1                  RBB_6L       18  [TILE 0 0, RBB 25 8]          -     r            4289     {inst51: $auto$xilinx_dffopt.cc:338:execute$2514 (LUT,site=aluto)} {inst43: $auto$ff.cc:266:slice$1869 (FDR,site=affo)} 
   --------------------------------------------------------------------------------------------------------------------------------------------------------------------------------------------------------------------------------
   RBB_18/CLK                 RBB_6L       18  [TILE 0 0, RBB 25 8]       1404     r            5693                                                                                                                             
   i_clk                      Clock net    12          (fanout=144)      -2319                     -                                                                                                                             
   i_clk                      CLOCK-PORT    -                     -    capture     r            3374                                                                                                                             
   --------------------------------------------------------------------------------------------------------------------------------------------------------------------------------------------------------------------------------


Path 8:
   Slack (not met):                         -1506ps
     Path type:                               SETUP
     Group:                            <UDEF_i_clk>
     Launching clock:                         i_clk (rising edge)
     Capturing clock:                         i_clk (rising edge)

     Requested period:                       2000ps
   + Delay of the capturing clock:           2319ps
   - Clock uncertainty:                       150ps
   = Required time:                          4169ps
   - Propagation time:                       3356ps (66.1% logic, 33.9% route, logic stage 1)
   - Delay of the launching clock:           2319ps
   = Slack:                                 -1506ps

   Instance/Pin or Net Name   Type         ID    Location or Fanout   Delay(ps)  Edge  Arrival Time(ps)    Instance detail                                                                                                       
   --------------------------------------------------------------------------------------------------------------------------------------------------------------------------------------------------------------------------------
   i_clk                      CLOCK-PORT    -                     -     launch     r               0                                                                                                                             
   i_clk                      Clock net    12          (fanout=144)       2319                     -                                                                                                                             
   RBB_18/CLK                 RBB_6L       18  [TILE 0 0, RBB 25 8]          -     r            2319                                                                                                                             
   --------------------------------------------------------------------------------------------------------------------------------------------------------------------------------------------------------------------------------
   RBB_18/BQ                  RBB_6L       18  [TILE 0 0, RBB 25 8]        800     r            3119     {inst40: $auto$ff.cc:266:slice$1866 (FDR,site=bff)}                                                                     
   y_phase[0]                 Net          15            (fanout=3)       1138                     -                                                                                                                             
   RBB_18/B3                  RBB_6L       18  [TILE 0 0, RBB 25 8]          -     r            4257     {inst50: $auto$xilinx_dffopt.cc:338:execute$2510 (LUT,site=bluto)} {inst41: $auto$ff.cc:266:slice$1867 (FDR,site=bffo)} 
   --------------------------------------------------------------------------------------------------------------------------------------------------------------------------------------------------------------------------------
   RBB_18/CLK                 RBB_6L       18  [TILE 0 0, RBB 25 8]       1418     r            5675                                                                                                                             
   i_clk                      Clock net    12          (fanout=144)      -2319                     -                                                                                                                             
   i_clk                      CLOCK-PORT    -                     -    capture     r            3356                                                                                                                             
   --------------------------------------------------------------------------------------------------------------------------------------------------------------------------------------------------------------------------------


Path 3:
   Slack (not met):                         -1440ps
     Path type:                               SETUP
     Group:                            <UDEF_i_clk>
     Launching clock:                         i_clk (rising edge)
     Capturing clock:                         i_clk (rising edge)

     Requested period:                       2000ps
   + Delay of the capturing clock:           2319ps
   - Clock uncertainty:                       150ps
   = Required time:                          4169ps
   - Propagation time:                       3290ps (80.3% logic, 19.7% route, logic stage 1)
   - Delay of the launching clock:           2319ps
   = Slack:                                 -1440ps

   Instance/Pin or Net Name   Type         ID    Location or Fanout   Delay(ps)  Edge  Arrival Time(ps)    Instance detail                                                                                                       
   --------------------------------------------------------------------------------------------------------------------------------------------------------------------------------------------------------------------------------
   i_clk                      CLOCK-PORT    -                     -     launch     r               0                                                                                                                             
   i_clk                      Clock net    12          (fanout=144)       2319                     -                                                                                                                             
   RBB_18/CLK                 RBB_6L       18  [TILE 0 0, RBB 25 8]          -     r            2319                                                                                                                             
   --------------------------------------------------------------------------------------------------------------------------------------------------------------------------------------------------------------------------------
   RBB_18/AMUX                RBB_6L       18  [TILE 0 0, RBB 25 8]       1386     r            3705     {inst43: $auto$ff.cc:266:slice$1869 (FDR,site=affo)}                                                                    
   z_phase[1]                 Net           2            (fanout=3)        649                     -                                                                                                                             
   RBB_18/A5                  RBB_6L       18  [TILE 0 0, RBB 25 8]          -     r            4354     {inst51: $auto$xilinx_dffopt.cc:338:execute$2514 (LUT,site=aluto)} {inst43: $auto$ff.cc:266:slice$1869 (FDR,site=affo)} 
   --------------------------------------------------------------------------------------------------------------------------------------------------------------------------------------------------------------------------------
   RBB_18/CLK                 RBB_6L       18  [TILE 0 0, RBB 25 8]       1255     r            5609                                                                                                                             
   i_clk                      Clock net    12          (fanout=144)      -2319                     -                                                                                                                             
   i_clk                      CLOCK-PORT    -                     -    capture     r            3290                                                                                                                             
   --------------------------------------------------------------------------------------------------------------------------------------------------------------------------------------------------------------------------------













