net 1: (9 26)->(9 27) 0 1 0 0 #timing (227 227) ps polarity 1
net 1: (9 27)->(9 25) 1 1 0 0 #timing (389 370) ps polarity 0
net 1: (9 25)->(9 25) 1 0 1 1 #timing (608 563) ps  polarity 1
net 1: (9 25)->(9 25) 0 0 0 1 #timing (660 707) ps  polarity 0
net 2: (9 26)->(9 26) 0 0 0 0 #timing (216 216) ps polarity 1
net 2: (9 26)->(9 24) 1 1 0 0 #timing (347 332) ps polarity 0
net 2: (9 24)->(9 24) 1 0 1 1 #timing (565 525) ps  polarity 1
net 2: (9 24)->(9 24) 0 0 0 1 #timing (614 657) ps  polarity 0
net 2: (9 24)->(9 25) 0 1 0 1 #timing (651 679) ps  polarity 0
net 3: (9 25)->(9 25) 0 0 0 0 #timing (637 637) ps polarity 1
net 3: (9 25)->(9 25) 1 0 0 0 #timing (721 724) ps polarity 0
net 3: (9 25)->(9 21) 3 4 0 0 #timing (1011 961) ps polarity 0
net 3: (9 21)->(9 23) 1 1 0 1 #timing (1279 1179) ps  polarity 1
net 3: (9 23)->(9 23) 0 0 0 1 #timing (1273 1396) ps  polarity 0
net 3: (9 23)->(8 23) 0 2 0 1 #timing (1269 1392) ps  polarity 0
net 3: (9 25)->(8 25) 0 2 0 0 #timing (644 644) ps polarity 1
net 3: (8 25)->(8 25) 1 0 0 0 #timing (726 729) ps polarity 0
net 3: (8 25)->(8 27) 1 1 0 1 #timing (978 933) ps  polarity 1
net 3: (8 27)->(9 26) 0 3 0 1 #timing (1081 1127) ps  polarity 0
net 4: (8 26)->(9 26) 0 2 0 0 #timing (183 183) ps polarity 1
net 4: (9 26)->(9 26) 1 0 0 0 #timing (268 269) ps polarity 0
net 4: (9 26)->(9 26) 1 0 0 1 #timing (476 442) ps  polarity 1
net 4: (9 26)->(9 26) 0 0 0 1 #timing (537 573) ps  polarity 0
net 5: (10 27)->(10 26) 0 1 0 0 #timing (736 736) ps polarity 1
net 5: (10 26)->(8 24) 1 3 0 0 #timing (916 885) ps polarity 0
net 5: (8 24)->(8 26) 1 1 0 1 #timing (1186 1118) ps  polarity 1
net 5: (8 26)->(8 26) 0 0 0 1 #timing (1276 1342) ps  polarity 0
net 7: (8 0)->(9 0) 0 2 0 0 #timing (1 1) ps polarity 1
net 7: (9 0)->(9 0) 1 0 0 0 #timing (92 91) ps polarity 0
net 7: (9 0)->(9 0) 5 0 1 0 #timing (197 214) ps polarity 1
net 7: (9 0)->(9 17) 13 1 1 0 #timing (861 721) ps polarity 0
net 7: (9 17)->(9 25) 5 1 0 1 #timing (1447 1292) ps  polarity 1
net 7: (9 25)->(9 27) 1 1 0 1 #timing (1548 1657) ps  polarity 0
net 7: (9 27)->(8 26) 0 3 0 1 #timing (1820 1704) ps  polarity 1
net 8: (7 0)->(7 1) 0 1 0 0 #timing (2 2) ps polarity 1
net 8: (7 1)->(7 1) 1 0 0 0 #timing (78 81) ps polarity 0
net 8: (7 1)->(11 1) 4 5 0 0 #timing (428 363) ps polarity 0
net 8: (11 1)->(11 1) 5 0 0 0 #timing (572 518) ps polarity 1
net 8: (11 1)->(11 16) 13 1 1 0 #timing (1127 1060) ps polarity 0
net 8: (11 16)->(11 24) 5 1 0 1 #timing (1562 1477) ps  polarity 1
net 8: (11 24)->(11 24) 1 0 1 1 #timing (1679 1730) ps  polarity 0
net 8: (11 24)->(10 25) 0 3 0 1 #timing (1875 1804) ps  polarity 1
net 8: (7 0)->(6 0) 0 2 0 0 #timing (2 2) ps polarity 1
net 8: (6 0)->(6 2) 1 1 0 0 #timing (118 112) ps polarity 0
net 8: (6 2)->(10 2) 4 5 0 0 #timing (431 418) ps polarity 0
net 8: (10 2)->(10 2) 5 0 0 0 #timing (560 560) ps polarity 1
net 8: (10 2)->(10 19) 13 1 1 0 #timing (1195 1076) ps polarity 0
net 8: (10 19)->(10 27) 5 1 0 1 #timing (1642 1505) ps  polarity 1
net 8: (10 27)->(8 27) 1 2 0 1 #timing (1724 1822) ps  polarity 0
net 8: (8 27)->(8 26) 0 1 0 1 #timing (1955 1853) ps  polarity 1
net 9: (9 31)->(8 30) 0 3 0 0 #timing (2 2) ps polarity 1
net 9: (8 30)->(10 28) 1 3 0 0 #timing (211 164) ps polarity 0
net 9: (10 28)->(10 24) 3 1 0 1 #timing (702 540) ps  polarity 0
net 9: (10 24)->(8 26) 1 3 0 1 #timing (839 673) ps  polarity 1
net 9: (8 26)->(9 26) 0 2 0 1 #timing (784 972) ps  polarity 0
net 10: (8 31)->(8 31) 0 0 0 0 #timing (1 1) ps polarity 1
net 10: (8 31)->(8 31) 1 0 0 0 #timing (92 90) ps polarity 0
net 10: (8 31)->(8 27) 3 1 0 0 #timing (374 324) ps polarity 0
net 10: (8 27)->(8 25) 1 1 0 1 #timing (637 537) ps  polarity 1
net 10: (8 25)->(8 25) 0 0 0 1 #timing (655 769) ps  polarity 0
net 10: (8 31)->(9 31) 0 2 0 0 #timing (1 2) ps polarity 1
net 10: (9 31)->(11 31) 1 2 0 0 #timing (137 123) ps polarity 0
net 10: (11 31)->(11 27) 3 1 0 0 #timing (430 416) ps polarity 0
net 10: (11 27)->(9 27) 1 2 0 1 #timing (729 648) ps  polarity 1
net 10: (9 27)->(9 26) 0 1 0 1 #timing (789 898) ps  polarity 0
net 11: (9 0)->(9 0) 0 0 0 0 #timing (1 1) ps polarity 1
net 11: (9 0)->(11 2) 1 3 0 0 #timing (183 149) ps polarity 0
net 11: (11 2)->(11 2) 5 0 1 0 #timing (284 372) ps polarity 1
net 11: (11 2)->(11 18) 13 1 0 0 #timing (951 753) ps polarity 0
net 11: (11 18)->(11 26) 5 1 0 1 #timing (1400 1180) ps  polarity 1
net 11: (11 26)->(9 24) 1 3 0 1 #timing (1487 1637) ps  polarity 0
net 11: (9 24)->(8 25) 0 3 0 1 #timing (1814 1681) ps  polarity 1
net 11: (11 2)->(11 19) 13 1 1 0 #timing (1011 798) ps polarity 0
net 11: (11 19)->(11 27) 5 1 0 1 #timing (1470 1235) ps  polarity 1
net 11: (11 27)->(11 25) 1 1 0 1 #timing (1491 1675) ps  polarity 0
net 11: (11 25)->(10 25) 0 2 0 1 #timing (1807 1632) ps  polarity 1
net 13: (10 0)->(10 1) 0 1 0 0 #timing (1 1) ps polarity 1
net 13: (10 1)->(8 3) 1 3 0 0 #timing (143 123) ps polarity 0
net 13: (8 3)->(8 3) 5 0 1 0 #timing (248 313) ps polarity 1
net 13: (8 3)->(8 18) 13 1 1 0 #timing (950 763) ps polarity 0
net 13: (8 18)->(8 26) 5 1 0 1 #timing (1436 1220) ps  polarity 1
net 13: (8 26)->(8 26) 1 0 1 1 #timing (1438 1614) ps  polarity 0
net 13: (8 26)->(9 27) 0 3 0 1 #timing (1729 1547) ps  polarity 1
net 14: (22 0)->(22 0) 0 0 0 0 #timing (1 1) ps polarity 1
net 14: (22 0)->(20 2) 1 3 0 0 #timing (170 142) ps polarity 0
net 14: (20 2)->(20 2) 5 0 0 0 #timing (283 373) ps polarity 1
net 14: (20 2)->(20 19) 13 1 1 0 #timing (978 774) ps polarity 0
net 14: (20 19)->(4 19) 13 2 0 0 #timing (1448 1556) ps polarity 1
net 14: (4 19)->(4 27) 5 1 0 1 #timing (1940 2024) ps  polarity 0
net 14: (4 27)->(8 27) 4 5 0 1 #timing (2329 2320) ps  polarity 0
net 14: (8 27)->(8 27) 1 0 0 1 #timing (2523 2487) ps  polarity 1
net 14: (8 27)->(9 27) 0 2 0 1 #timing (2602 2633) ps  polarity 0
net 14: (20 19)->(5 19) 13 2 1 0 #timing (1420 1532) ps polarity 1
net 14: (5 19)->(5 27) 5 1 0 1 #timing (1870 1962) ps  polarity 0
net 14: (5 27)->(9 27) 4 5 0 1 #timing (2235 2260) ps  polarity 0
net 14: (9 27)->(9 27) 1 0 1 1 #timing (2422 2423) ps  polarity 1
net 14: (9 27)->(8 27) 0 2 0 1 #timing (2503 2509) ps  polarity 0
net 14: (9 27)->(9 25) 1 1 0 1 #timing (2470 2458) ps  polarity 1
net 14: (9 25)->(8 25) 0 2 0 1 #timing (2548 2583) ps  polarity 0
net 15: (8 25)->(8 25) 0 0 0 0 #timing (651 651) ps polarity 1
net 15: (8 25)->(10 27) 1 3 0 0 #timing (790 774) ps polarity 0
net 15: (10 27)->(10 27) 1 0 0 1 #timing (1026 990) ps  polarity 1
net 15: (10 27)->(10 26) 0 1 0 1 #timing (1119 1143) ps  polarity 0
net 15: (10 27)->(11 26) 0 3 0 1 #timing (1147 1157) ps  polarity 0
net 15: (8 25)->(9 24) 0 3 0 0 #timing (762 762) ps polarity 1
net 15: (9 24)->(9 24) 1 0 0 0 #timing (859 860) ps polarity 0
net 15: (9 24)->(9 26) 1 1 0 1 #timing (1107 1062) ps  polarity 1
net 15: (9 26)->(8 26) 0 2 0 1 #timing (1204 1255) ps  polarity 0
net 16: (8 26)->(8 26) 0 0 0 0 #timing (196 196) ps polarity 1
net 16: (8 26)->(8 26) 1 0 0 0 #timing (279 281) ps polarity 0
net 16: (8 26)->(8 24) 1 1 0 1 #timing (536 489) ps  polarity 1
net 16: (8 24)->(9 25) 0 3 0 1 #timing (614 674) ps  polarity 0
net 16: (8 26)->(10 24) 1 3 0 1 #timing (542 492) ps  polarity 1
net 16: (10 24)->(11 25) 0 3 0 1 #timing (620 683) ps  polarity 0
net 17: (9 27)->(9 27) 0 0 0 0 #timing (760 760) ps polarity 1
net 17: (9 27)->(9 27) 1 0 0 0 #timing (831 837) ps polarity 0
net 17: (9 27)->(9 27) 1 0 0 1 #timing (1036 1009) ps  polarity 1
net 17: (9 27)->(9 27) 0 0 0 1 #timing (1093 1127) ps  polarity 0
net 17: (9 27)->(11 25) 1 3 0 1 #timing (1160 1085) ps  polarity 1
net 17: (11 25)->(11 25) 0 0 0 1 #timing (1197 1313) ps  polarity 0
net 18: (8 27)->(8 27) 0 0 0 0 #timing (797 797) ps polarity 1
net 18: (8 27)->(8 27) 1 0 0 0 #timing (879 881) ps polarity 0
net 18: (8 27)->(8 27) 1 0 1 1 #timing (1085 1053) ps  polarity 1
net 18: (8 27)->(8 27) 0 0 0 1 #timing (1160 1189) ps  polarity 0
net 18: (8 27)->(8 26) 0 1 0 0 #timing (700 700) ps polarity 1
net 18: (8 26)->(10 26) 1 2 0 0 #timing (834 819) ps polarity 0
net 18: (10 26)->(10 26) 1 0 1 1 #timing (1051 1011) ps  polarity 1
net 18: (10 26)->(10 27) 0 1 0 1 #timing (1134 1164) ps  polarity 0
net 18: (10 26)->(11 27) 0 3 0 1 #timing (1127 1160) ps  polarity 0
net 18: (8 27)->(9 26) 0 3 0 0 #timing (695 695) ps polarity 1
net 18: (9 26)->(11 26) 1 2 0 0 #timing (834 821) ps polarity 0
net 18: (11 26)->(9 26) 1 2 0 1 #timing (1144 1084) ps  polarity 1
net 18: (9 26)->(9 27) 0 1 0 1 #timing (1255 1324) ps  polarity 0
net 19: (10 25)->(10 25) 0 0 0 0 #timing (186 186) ps polarity 0
net 19: (10 25)->(8 27) 1 3 0 0 #timing (314 301) ps polarity 1
net 19: (8 27)->(8 27) 5 0 1 0 #timing (432 496) ps polarity 0
net 19: (8 27)->(25 27) 13 2 1 0 #timing (1138 956) ps polarity 1
net 19: (25 27)->(25 10) 13 1 1 0 #timing (1721 1783) ps polarity 0
net 19: (25 10)->(25 2) 5 1 0 1 #timing (2314 2353) ps  polarity 1
net 19: (25 2)->(25 0) 1 1 0 1 #timing (2616 2528) ps  polarity 0
net 19: (25 0)->(24 0) 0 2 0 1 #timing (2622 2729) ps  polarity 1
net 20: (10 26)->(10 27) 0 1 0 0 #timing (183 183) ps polarity 1
net 20: (10 27)->(8 25) 1 3 0 0 #timing (365 320) ps polarity 0
net 20: (8 25)->(8 25) 5 0 1 0 #timing (439 524) ps polarity 1
net 20: (8 25)->(25 25) 13 2 1 0 #timing (1195 981) ps polarity 0
net 20: (25 25)->(25 25) 5 0 1 1 #timing (1440 1239) ps  polarity 0
net 20: (25 25)->(25 29) 3 1 0 1 #timing (1917 1612) ps  polarity 1
net 20: (25 29)->(27 31) 1 3 0 1 #timing (2150 1806) ps  polarity 0
net 20: (27 31)->(27 31) 0 0 0 1 #timing (1950 2333) ps  polarity 1
net 21: (11 25)->(11 25) 0 0 0 0 #timing (204 204) ps polarity 0
net 21: (11 25)->(9 27) 1 3 0 0 #timing (367 333) ps polarity 1
net 21: (9 27)->(9 27) 5 0 1 0 #timing (467 556) ps polarity 0
net 21: (9 27)->(24 27) 13 2 1 0 #timing (1204 990) ps polarity 1
net 21: (24 27)->(24 27) 5 0 1 1 #timing (1515 1316) ps  polarity 1
net 21: (24 27)->(24 31) 3 1 0 1 #timing (1898 1615) ps  polarity 0
net 21: (24 31)->(26 31) 1 2 0 1 #timing (2022 1735) ps  polarity 1
net 21: (26 31)->(26 31) 0 0 0 1 #timing (1843 2137) ps  polarity 0
net 22: (11 26)->(11 26) 0 0 0 0 #timing (185 185) ps polarity 1
net 22: (11 26)->(9 24) 1 3 0 0 #timing (368 327) ps polarity 0
net 22: (9 24)->(9 24) 5 0 1 0 #timing (463 557) ps polarity 1
net 22: (9 24)->(24 24) 13 2 1 0 #timing (1233 1010) ps polarity 0
net 22: (24 24)->(24 24) 5 0 1 1 #timing (1533 1326) ps  polarity 0
net 22: (24 24)->(24 28) 3 1 0 1 #timing (1951 1645) ps  polarity 1
net 22: (24 28)->(24 30) 1 1 0 1 #timing (2095 1781) ps  polarity 0
net 22: (24 30)->(25 31) 0 3 0 1 #timing (1923 2247) ps  polarity 1
net 23: (10 26)->(11 27) 0 3 0 0 #timing (191 191) ps polarity 1
net 23: (11 27)->(9 25) 1 3 0 0 #timing (384 339) ps polarity 0
net 23: (9 25)->(9 29) 3 1 0 0 #timing (704 728) ps polarity 0
net 23: (9 29)->(5 29) 4 5 0 0 #timing (1057 1037) ps polarity 0
net 23: (5 29)->(5 31) 1 1 0 1 #timing (1295 1273) ps  polarity 1
net 23: (5 31)->(5 31) 0 0 0 1 #timing (1410 1439) ps  polarity 0
net 24: (10 27)->(10 27) 0 0 0 0 #timing (191 191) ps polarity 0
net 24: (10 27)->(10 27) 1 0 0 0 #timing (262 268) ps polarity 1
net 24: (10 27)->(10 31) 3 1 0 0 #timing (549 491) ps polarity 1
net 24: (10 31)->(6 31) 4 5 0 0 #timing (920 805) ps polarity 1
net 24: (6 31)->(6 31) 1 0 0 1 #timing (1008 1098) ps  polarity 0
net 24: (6 31)->(6 31) 0 0 0 1 #timing (1204 1113) ps  polarity 1
net 25: (11 26)->(10 26) 0 2 0 0 #timing (173 173) ps polarity 1
net 25: (10 26)->(8 26) 1 2 0 0 #timing (330 300) ps polarity 0
net 25: (8 26)->(8 26) 5 0 1 0 #timing (415 474) ps polarity 1
net 25: (8 26)->(8 10) 13 1 0 0 #timing (1179 984) ps polarity 0
net 25: (8 10)->(25 10) 13 2 1 0 #timing (1683 1775) ps polarity 1
net 25: (25 10)->(17 2) 5 3 0 1 #timing (2496 2567) ps  polarity 1
net 25: (17 2)->(21 2) 4 2 0 1 #timing (2892 2794) ps  polarity 0
net 25: (21 2)->(23 0) 1 3 0 1 #timing (3182 3024) ps  polarity 1
net 25: (23 0)->(23 0) 0 0 0 1 #timing (3174 3341) ps  polarity 0
net 26: (11 27)->(11 27) 0 0 0 0 #timing (178 178) ps polarity 0
net 26: (11 27)->(11 27) 1 0 0 0 #timing (252 257) ps polarity 1
net 26: (11 27)->(11 31) 3 1 0 0 #timing (561 496) ps polarity 1
net 26: (11 31)->(7 31) 4 5 0 0 #timing (977 842) ps polarity 1
net 26: (7 31)->(5 31) 1 2 0 1 #timing (1127 1202) ps  polarity 0
net 26: (5 31)->(4 31) 0 2 0 1 #timing (1297 1247) ps  polarity 1
net 27: (9 23)->(8 22) 0 3 0 0 #timing (225 225) ps polarity 1
net 27: (8 22)->(10 22) 1 2 0 0 #timing (369 351) ps polarity 0
net 27: (10 22)->(10 22) 5 0 1 0 #timing (468 516) ps polarity 1
net 27: (10 22)->(10 7) 13 1 1 0 #timing (1162 990) ps polarity 0
net 27: (10 7)->(10 7) 5 0 0 1 #timing (1384 1225) ps  polarity 0
net 27: (10 7)->(6 7) 4 5 0 1 #timing (1769 1544) ps  polarity 1
net 27: (6 7)->(6 3) 3 1 0 1 #timing (2156 1847) ps  polarity 1
net 27: (6 3)->(6 1) 1 1 0 1 #timing (2299 1982) ps  polarity 0
net 27: (6 1)->(6 0) 0 1 0 1 #timing (2114 2439) ps  polarity 1
net 28: (9 24)->(8 25) 0 3 0 0 #timing (190 190) ps polarity 0
net 28: (8 25)->(10 25) 1 2 0 0 #timing (339 318) ps polarity 1
net 28: (10 25)->(10 25) 5 0 1 0 #timing (438 494) ps polarity 0
net 28: (10 25)->(10 8) 13 1 1 0 #timing (1131 952) ps polarity 1
net 28: (10 8)->(10 0) 5 1 0 1 #timing (1596 1397) ps  polarity 0
net 28: (10 0)->(8 0) 1 2 0 1 #timing (1619 1777) ps  polarity 1
net 28: (8 0)->(9 0) 0 2 0 1 #timing (1905 1745) ps  polarity 0
net 29: (8 23)->(9 22) 0 3 0 0 #timing (203 203) ps polarity 1
net 29: (9 22)->(11 22) 1 2 0 0 #timing (334 323) ps polarity 0
net 29: (11 22)->(11 22) 5 0 1 0 #timing (453 510) ps polarity 1
net 29: (11 22)->(27 22) 13 2 0 0 #timing (1151 970) ps polarity 0
net 29: (27 22)->(19 30) 5 3 0 1 #timing (1886 1685) ps  polarity 0
net 29: (19 30)->(23 30) 4 2 0 1 #timing (1972 2174) ps  polarity 1
net 29: (23 30)->(23 30) 1 0 1 1 #timing (2157 2334) ps  polarity 0
net 29: (23 30)->(22 31) 0 3 0 1 #timing (2434 2257) ps  polarity 1
net 30: (8 24)->(8 24) 0 0 0 0 #timing (209 209) ps polarity 0
net 30: (8 24)->(10 26) 1 3 0 0 #timing (346 331) ps polarity 1
net 30: (10 26)->(10 26) 5 0 1 0 #timing (472 544) ps polarity 0
net 30: (10 26)->(27 26) 13 2 1 0 #timing (1214 1014) ps polarity 1
net 30: (27 26)->(27 26) 5 0 1 1 #timing (1476 1288) ps  polarity 1
net 30: (27 26)->(27 30) 3 1 0 1 #timing (1873 1598) ps  polarity 0
net 30: (27 30)->(25 30) 1 2 0 1 #timing (2048 1751) ps  polarity 1
net 30: (25 30)->(24 31) 0 3 0 1 #timing (1891 2204) ps  polarity 0
